  [1m[35m (3.5ms)[0m  [1m[34mSELECT sqlite_version(*)[0m
  [1m[35m (1.5ms)[0m  [1m[35mCREATE TABLE "schema_migrations" ("version" varchar NOT NULL PRIMARY KEY)[0m
  [1m[35m (2.6ms)[0m  [1m[35mCREATE TABLE "ar_internal_metadata" ("key" varchar NOT NULL PRIMARY KEY, "value" varchar, "created_at" datetime(6) NOT NULL, "updated_at" datetime(6) NOT NULL)[0m
  [1m[35m (0.2ms)[0m  [1m[34mSELECT "schema_migrations"."version" FROM "schema_migrations" ORDER BY "schema_migrations"."version" ASC[0m
Started GET "/places" for ::1 at 2020-04-01 20:59:25 +0100
  [1m[35m (0.6ms)[0m  [1m[34mSELECT sqlite_version(*)[0m
  [1m[35m (0.1ms)[0m  [1m[34mSELECT "schema_migrations"."version" FROM "schema_migrations" ORDER BY "schema_migrations"."version" ASC[0m
  
ActiveRecord::PendingMigrationError (

Migrations are pending. To resolve this issue, run:

        rails db:migrate RAILS_ENV=development

):
  
activerecord (6.0.2.2) lib/active_record/migration.rb:587:in `check_pending!'
activerecord (6.0.2.2) lib/active_record/migration.rb:564:in `call'
actionpack (6.0.2.2) lib/action_dispatch/middleware/callbacks.rb:27:in `block in call'
activesupport (6.0.2.2) lib/active_support/callbacks.rb:101:in `run_callbacks'
actionpack (6.0.2.2) lib/action_dispatch/middleware/callbacks.rb:26:in `call'
actionpack (6.0.2.2) lib/action_dispatch/middleware/executor.rb:14:in `call'
actionpack (6.0.2.2) lib/action_dispatch/middleware/actionable_exceptions.rb:17:in `call'
actionpack (6.0.2.2) lib/action_dispatch/middleware/debug_exceptions.rb:32:in `call'
web-console (4.0.1) lib/web_console/middleware.rb:132:in `call_app'
web-console (4.0.1) lib/web_console/middleware.rb:28:in `block in call'
web-console (4.0.1) lib/web_console/middleware.rb:17:in `catch'
web-console (4.0.1) lib/web_console/middleware.rb:17:in `call'
actionpack (6.0.2.2) lib/action_dispatch/middleware/show_exceptions.rb:33:in `call'
railties (6.0.2.2) lib/rails/rack/logger.rb:38:in `call_app'
railties (6.0.2.2) lib/rails/rack/logger.rb:26:in `block in call'
activesupport (6.0.2.2) lib/active_support/tagged_logging.rb:80:in `block in tagged'
activesupport (6.0.2.2) lib/active_support/tagged_logging.rb:28:in `tagged'
activesupport (6.0.2.2) lib/active_support/tagged_logging.rb:80:in `tagged'
railties (6.0.2.2) lib/rails/rack/logger.rb:26:in `call'
sprockets-rails (3.2.1) lib/sprockets/rails/quiet_assets.rb:13:in `call'
actionpack (6.0.2.2) lib/action_dispatch/middleware/remote_ip.rb:81:in `call'
actionpack (6.0.2.2) lib/action_dispatch/middleware/request_id.rb:27:in `call'
rack (2.2.2) lib/rack/method_override.rb:24:in `call'
rack (2.2.2) lib/rack/runtime.rb:22:in `call'
activesupport (6.0.2.2) lib/active_support/cache/strategy/local_cache_middleware.rb:29:in `call'
actionpack (6.0.2.2) lib/action_dispatch/middleware/executor.rb:14:in `call'
actionpack (6.0.2.2) lib/action_dispatch/middleware/static.rb:126:in `call'
rack (2.2.2) lib/rack/sendfile.rb:110:in `call'
actionpack (6.0.2.2) lib/action_dispatch/middleware/host_authorization.rb:83:in `call'
webpacker (4.2.2) lib/webpacker/dev_server_proxy.rb:23:in `perform_request'
rack-proxy (0.6.5) lib/rack/proxy.rb:57:in `call'
railties (6.0.2.2) lib/rails/engine.rb:526:in `call'
puma (4.3.3) lib/puma/configuration.rb:228:in `call'
puma (4.3.3) lib/puma/server.rb:682:in `handle_request'
puma (4.3.3) lib/puma/server.rb:472:in `process_client'
puma (4.3.3) lib/puma/server.rb:328:in `block in run'
puma (4.3.3) lib/puma/thread_pool.rb:134:in `block in spawn_thread'
Started GET "/places" for ::1 at 2020-04-01 20:59:41 +0100
  [1m[35m (0.1ms)[0m  [1m[34mSELECT "schema_migrations"."version" FROM "schema_migrations" ORDER BY "schema_migrations"."version" ASC[0m
  
ActiveRecord::PendingMigrationError (

Migrations are pending. To resolve this issue, run:

        rails db:migrate RAILS_ENV=development

):
  
activerecord (6.0.2.2) lib/active_record/migration.rb:587:in `check_pending!'
activerecord (6.0.2.2) lib/active_record/migration.rb:564:in `call'
actionpack (6.0.2.2) lib/action_dispatch/middleware/callbacks.rb:27:in `block in call'
activesupport (6.0.2.2) lib/active_support/callbacks.rb:101:in `run_callbacks'
actionpack (6.0.2.2) lib/action_dispatch/middleware/callbacks.rb:26:in `call'
actionpack (6.0.2.2) lib/action_dispatch/middleware/executor.rb:14:in `call'
actionpack (6.0.2.2) lib/action_dispatch/middleware/actionable_exceptions.rb:17:in `call'
actionpack (6.0.2.2) lib/action_dispatch/middleware/debug_exceptions.rb:32:in `call'
web-console (4.0.1) lib/web_console/middleware.rb:132:in `call_app'
web-console (4.0.1) lib/web_console/middleware.rb:28:in `block in call'
web-console (4.0.1) lib/web_console/middleware.rb:17:in `catch'
web-console (4.0.1) lib/web_console/middleware.rb:17:in `call'
actionpack (6.0.2.2) lib/action_dispatch/middleware/show_exceptions.rb:33:in `call'
railties (6.0.2.2) lib/rails/rack/logger.rb:38:in `call_app'
railties (6.0.2.2) lib/rails/rack/logger.rb:26:in `block in call'
activesupport (6.0.2.2) lib/active_support/tagged_logging.rb:80:in `block in tagged'
activesupport (6.0.2.2) lib/active_support/tagged_logging.rb:28:in `tagged'
activesupport (6.0.2.2) lib/active_support/tagged_logging.rb:80:in `tagged'
railties (6.0.2.2) lib/rails/rack/logger.rb:26:in `call'
sprockets-rails (3.2.1) lib/sprockets/rails/quiet_assets.rb:13:in `call'
actionpack (6.0.2.2) lib/action_dispatch/middleware/remote_ip.rb:81:in `call'
actionpack (6.0.2.2) lib/action_dispatch/middleware/request_id.rb:27:in `call'
rack (2.2.2) lib/rack/method_override.rb:24:in `call'
rack (2.2.2) lib/rack/runtime.rb:22:in `call'
activesupport (6.0.2.2) lib/active_support/cache/strategy/local_cache_middleware.rb:29:in `call'
actionpack (6.0.2.2) lib/action_dispatch/middleware/executor.rb:14:in `call'
actionpack (6.0.2.2) lib/action_dispatch/middleware/static.rb:126:in `call'
rack (2.2.2) lib/rack/sendfile.rb:110:in `call'
actionpack (6.0.2.2) lib/action_dispatch/middleware/host_authorization.rb:83:in `call'
webpacker (4.2.2) lib/webpacker/dev_server_proxy.rb:23:in `perform_request'
rack-proxy (0.6.5) lib/rack/proxy.rb:57:in `call'
railties (6.0.2.2) lib/rails/engine.rb:526:in `call'
puma (4.3.3) lib/puma/configuration.rb:228:in `call'
puma (4.3.3) lib/puma/server.rb:682:in `handle_request'
puma (4.3.3) lib/puma/server.rb:472:in `process_client'
puma (4.3.3) lib/puma/server.rb:328:in `block in run'
puma (4.3.3) lib/puma/thread_pool.rb:134:in `block in spawn_thread'
Started GET "/places" for ::1 at 2020-04-01 20:59:42 +0100
  [1m[35m (0.3ms)[0m  [1m[34mSELECT "schema_migrations"."version" FROM "schema_migrations" ORDER BY "schema_migrations"."version" ASC[0m
  
ActiveRecord::PendingMigrationError (

Migrations are pending. To resolve this issue, run:

        rails db:migrate RAILS_ENV=development

):
  
activerecord (6.0.2.2) lib/active_record/migration.rb:587:in `check_pending!'
activerecord (6.0.2.2) lib/active_record/migration.rb:564:in `call'
actionpack (6.0.2.2) lib/action_dispatch/middleware/callbacks.rb:27:in `block in call'
activesupport (6.0.2.2) lib/active_support/callbacks.rb:101:in `run_callbacks'
actionpack (6.0.2.2) lib/action_dispatch/middleware/callbacks.rb:26:in `call'
actionpack (6.0.2.2) lib/action_dispatch/middleware/executor.rb:14:in `call'
actionpack (6.0.2.2) lib/action_dispatch/middleware/actionable_exceptions.rb:17:in `call'
actionpack (6.0.2.2) lib/action_dispatch/middleware/debug_exceptions.rb:32:in `call'
web-console (4.0.1) lib/web_console/middleware.rb:132:in `call_app'
web-console (4.0.1) lib/web_console/middleware.rb:28:in `block in call'
web-console (4.0.1) lib/web_console/middleware.rb:17:in `catch'
web-console (4.0.1) lib/web_console/middleware.rb:17:in `call'
actionpack (6.0.2.2) lib/action_dispatch/middleware/show_exceptions.rb:33:in `call'
railties (6.0.2.2) lib/rails/rack/logger.rb:38:in `call_app'
railties (6.0.2.2) lib/rails/rack/logger.rb:26:in `block in call'
activesupport (6.0.2.2) lib/active_support/tagged_logging.rb:80:in `block in tagged'
activesupport (6.0.2.2) lib/active_support/tagged_logging.rb:28:in `tagged'
activesupport (6.0.2.2) lib/active_support/tagged_logging.rb:80:in `tagged'
railties (6.0.2.2) lib/rails/rack/logger.rb:26:in `call'
sprockets-rails (3.2.1) lib/sprockets/rails/quiet_assets.rb:13:in `call'
actionpack (6.0.2.2) lib/action_dispatch/middleware/remote_ip.rb:81:in `call'
actionpack (6.0.2.2) lib/action_dispatch/middleware/request_id.rb:27:in `call'
rack (2.2.2) lib/rack/method_override.rb:24:in `call'
rack (2.2.2) lib/rack/runtime.rb:22:in `call'
activesupport (6.0.2.2) lib/active_support/cache/strategy/local_cache_middleware.rb:29:in `call'
actionpack (6.0.2.2) lib/action_dispatch/middleware/executor.rb:14:in `call'
actionpack (6.0.2.2) lib/action_dispatch/middleware/static.rb:126:in `call'
rack (2.2.2) lib/rack/sendfile.rb:110:in `call'
actionpack (6.0.2.2) lib/action_dispatch/middleware/host_authorization.rb:83:in `call'
webpacker (4.2.2) lib/webpacker/dev_server_proxy.rb:23:in `perform_request'
rack-proxy (0.6.5) lib/rack/proxy.rb:57:in `call'
railties (6.0.2.2) lib/rails/engine.rb:526:in `call'
puma (4.3.3) lib/puma/configuration.rb:228:in `call'
puma (4.3.3) lib/puma/server.rb:682:in `handle_request'
puma (4.3.3) lib/puma/server.rb:472:in `process_client'
puma (4.3.3) lib/puma/server.rb:328:in `block in run'
puma (4.3.3) lib/puma/thread_pool.rb:134:in `block in spawn_thread'
Started GET "/" for ::1 at 2020-04-01 20:59:44 +0100
  [1m[35m (0.1ms)[0m  [1m[34mSELECT "schema_migrations"."version" FROM "schema_migrations" ORDER BY "schema_migrations"."version" ASC[0m
  
ActiveRecord::PendingMigrationError (

Migrations are pending. To resolve this issue, run:

        rails db:migrate RAILS_ENV=development

):
  
activerecord (6.0.2.2) lib/active_record/migration.rb:587:in `check_pending!'
activerecord (6.0.2.2) lib/active_record/migration.rb:564:in `call'
actionpack (6.0.2.2) lib/action_dispatch/middleware/callbacks.rb:27:in `block in call'
activesupport (6.0.2.2) lib/active_support/callbacks.rb:101:in `run_callbacks'
actionpack (6.0.2.2) lib/action_dispatch/middleware/callbacks.rb:26:in `call'
actionpack (6.0.2.2) lib/action_dispatch/middleware/executor.rb:14:in `call'
actionpack (6.0.2.2) lib/action_dispatch/middleware/actionable_exceptions.rb:17:in `call'
actionpack (6.0.2.2) lib/action_dispatch/middleware/debug_exceptions.rb:32:in `call'
web-console (4.0.1) lib/web_console/middleware.rb:132:in `call_app'
web-console (4.0.1) lib/web_console/middleware.rb:28:in `block in call'
web-console (4.0.1) lib/web_console/middleware.rb:17:in `catch'
web-console (4.0.1) lib/web_console/middleware.rb:17:in `call'
actionpack (6.0.2.2) lib/action_dispatch/middleware/show_exceptions.rb:33:in `call'
railties (6.0.2.2) lib/rails/rack/logger.rb:38:in `call_app'
railties (6.0.2.2) lib/rails/rack/logger.rb:26:in `block in call'
activesupport (6.0.2.2) lib/active_support/tagged_logging.rb:80:in `block in tagged'
activesupport (6.0.2.2) lib/active_support/tagged_logging.rb:28:in `tagged'
activesupport (6.0.2.2) lib/active_support/tagged_logging.rb:80:in `tagged'
railties (6.0.2.2) lib/rails/rack/logger.rb:26:in `call'
sprockets-rails (3.2.1) lib/sprockets/rails/quiet_assets.rb:13:in `call'
actionpack (6.0.2.2) lib/action_dispatch/middleware/remote_ip.rb:81:in `call'
actionpack (6.0.2.2) lib/action_dispatch/middleware/request_id.rb:27:in `call'
rack (2.2.2) lib/rack/method_override.rb:24:in `call'
rack (2.2.2) lib/rack/runtime.rb:22:in `call'
activesupport (6.0.2.2) lib/active_support/cache/strategy/local_cache_middleware.rb:29:in `call'
actionpack (6.0.2.2) lib/action_dispatch/middleware/executor.rb:14:in `call'
actionpack (6.0.2.2) lib/action_dispatch/middleware/static.rb:126:in `call'
rack (2.2.2) lib/rack/sendfile.rb:110:in `call'
actionpack (6.0.2.2) lib/action_dispatch/middleware/host_authorization.rb:83:in `call'
webpacker (4.2.2) lib/webpacker/dev_server_proxy.rb:23:in `perform_request'
rack-proxy (0.6.5) lib/rack/proxy.rb:57:in `call'
railties (6.0.2.2) lib/rails/engine.rb:526:in `call'
puma (4.3.3) lib/puma/configuration.rb:228:in `call'
puma (4.3.3) lib/puma/server.rb:682:in `handle_request'
puma (4.3.3) lib/puma/server.rb:472:in `process_client'
puma (4.3.3) lib/puma/server.rb:328:in `block in run'
puma (4.3.3) lib/puma/thread_pool.rb:134:in `block in spawn_thread'
Started POST "/rails/actions" for ::1 at 2020-04-01 20:59:54 +0100
  [1m[35m (0.3ms)[0m  [1m[34mSELECT "schema_migrations"."version" FROM "schema_migrations" ORDER BY "schema_migrations"."version" ASC[0m
Migrating to CreatePlaces (20200401195231)
  [1m[35m (0.1ms)[0m  [1m[36mbegin transaction[0m
  [1m[35m (2.5ms)[0m  [1m[35mCREATE TABLE "places" ("id" integer PRIMARY KEY AUTOINCREMENT NOT NULL, "name" varchar, "latitude" decimal, "longitude" decimal, "created_at" datetime(6) NOT NULL, "updated_at" datetime(6) NOT NULL)[0m
  [1m[36mprimary::SchemaMigration Create (0.8ms)[0m  [1m[32mINSERT INTO "schema_migrations" ("version") VALUES (?)[0m  [["version", "20200401195231"]]
  [1m[35m (13.9ms)[0m  [1m[36mcommit transaction[0m
  [1m[36mActiveRecord::InternalMetadata Load (1.5ms)[0m  [1m[34mSELECT "ar_internal_metadata".* FROM "ar_internal_metadata" WHERE "ar_internal_metadata"."key" = ? LIMIT ?[0m  [["key", "environment"], ["LIMIT", 1]]
  [1m[35m (0.1ms)[0m  [1m[36mbegin transaction[0m
  [1m[36mActiveRecord::InternalMetadata Create (5.5ms)[0m  [1m[32mINSERT INTO "ar_internal_metadata" ("key", "value", "created_at", "updated_at") VALUES (?, ?, ?, ?)[0m  [["key", "environment"], ["value", "development"], ["created_at", "2020-04-01 19:59:54.910095"], ["updated_at", "2020-04-01 19:59:54.910095"]]
  [1m[35m (2.5ms)[0m  [1m[36mcommit transaction[0m
Started GET "/" for ::1 at 2020-04-01 20:59:54 +0100
  [1m[35m (0.5ms)[0m  [1m[34mSELECT "schema_migrations"."version" FROM "schema_migrations" ORDER BY "schema_migrations"."version" ASC[0m
Processing by Rails::WelcomeController#index as HTML
  Rendering /Users/davidmcgregor/.rvm/gems/ruby-2.7.0/gems/railties-6.0.2.2/lib/rails/templates/rails/welcome/index.html.erb
  Rendered /Users/davidmcgregor/.rvm/gems/ruby-2.7.0/gems/railties-6.0.2.2/lib/rails/templates/rails/welcome/index.html.erb (Duration: 23.7ms | Allocations: 183)
Completed 200 OK in 98ms (Views: 29.1ms | ActiveRecord: 0.0ms | Allocations: 3800)


Started GET "/Places" for ::1 at 2020-04-01 20:59:58 +0100
  
ActionController::RoutingError (No route matches [GET] "/Places"):
  
actionpack (6.0.2.2) lib/action_dispatch/middleware/debug_exceptions.rb:36:in `call'
web-console (4.0.1) lib/web_console/middleware.rb:132:in `call_app'
web-console (4.0.1) lib/web_console/middleware.rb:28:in `block in call'
web-console (4.0.1) lib/web_console/middleware.rb:17:in `catch'
web-console (4.0.1) lib/web_console/middleware.rb:17:in `call'
actionpack (6.0.2.2) lib/action_dispatch/middleware/show_exceptions.rb:33:in `call'
railties (6.0.2.2) lib/rails/rack/logger.rb:38:in `call_app'
railties (6.0.2.2) lib/rails/rack/logger.rb:26:in `block in call'
activesupport (6.0.2.2) lib/active_support/tagged_logging.rb:80:in `block in tagged'
activesupport (6.0.2.2) lib/active_support/tagged_logging.rb:28:in `tagged'
activesupport (6.0.2.2) lib/active_support/tagged_logging.rb:80:in `tagged'
railties (6.0.2.2) lib/rails/rack/logger.rb:26:in `call'
sprockets-rails (3.2.1) lib/sprockets/rails/quiet_assets.rb:13:in `call'
actionpack (6.0.2.2) lib/action_dispatch/middleware/remote_ip.rb:81:in `call'
actionpack (6.0.2.2) lib/action_dispatch/middleware/request_id.rb:27:in `call'
rack (2.2.2) lib/rack/method_override.rb:24:in `call'
rack (2.2.2) lib/rack/runtime.rb:22:in `call'
activesupport (6.0.2.2) lib/active_support/cache/strategy/local_cache_middleware.rb:29:in `call'
actionpack (6.0.2.2) lib/action_dispatch/middleware/executor.rb:14:in `call'
actionpack (6.0.2.2) lib/action_dispatch/middleware/static.rb:126:in `call'
rack (2.2.2) lib/rack/sendfile.rb:110:in `call'
actionpack (6.0.2.2) lib/action_dispatch/middleware/host_authorization.rb:83:in `call'
webpacker (4.2.2) lib/webpacker/dev_server_proxy.rb:23:in `perform_request'
rack-proxy (0.6.5) lib/rack/proxy.rb:57:in `call'
railties (6.0.2.2) lib/rails/engine.rb:526:in `call'
puma (4.3.3) lib/puma/configuration.rb:228:in `call'
puma (4.3.3) lib/puma/server.rb:682:in `handle_request'
puma (4.3.3) lib/puma/server.rb:472:in `process_client'
puma (4.3.3) lib/puma/server.rb:328:in `block in run'
puma (4.3.3) lib/puma/thread_pool.rb:134:in `block in spawn_thread'
Started GET "/places" for ::1 at 2020-04-01 21:00:31 +0100
Processing by PlacesController#index as HTML
  Rendering places/index.html.erb within layouts/application
  [1m[36mPlace Load (0.3ms)[0m  [1m[34mSELECT "places".* FROM "places"[0m
  ↳ app/views/places/index.html.erb:16
  Rendered places/index.html.erb within layouts/application (Duration: 29.1ms | Allocations: 1278)
[Webpacker] Compiling...
[Webpacker] Compiled all packs in /Users/davidmcgregor/Projects/google-maps-api-practice/public/packs
[Webpacker] Hash: 32e57f147dbdcbbf0c82
Version: webpack 4.42.1
Time: 2973ms
Built at: 04/01/2020 9:00:40 PM
                                     Asset       Size       Chunks                         Chunk Names
    js/application-bbe9c4a129ab949e0636.js    124 KiB  application  [emitted] [immutable]  application
js/application-bbe9c4a129ab949e0636.js.map    139 KiB  application  [emitted] [dev]        application
                             manifest.json  364 bytes               [emitted]              
Entrypoint application = js/application-bbe9c4a129ab949e0636.js js/application-bbe9c4a129ab949e0636.js.map
[./app/javascript/channels sync recursive _channel\.js$] ./app/javascript/channels sync _channel\.js$ 160 bytes {application} [built]
[./app/javascript/channels/index.js] 211 bytes {application} [built]
[./app/javascript/packs/application.js] 749 bytes {application} [built]
[./node_modules/webpack/buildin/module.js] (webpack)/buildin/module.js 552 bytes {application} [built]
    + 3 hidden modules

Completed 200 OK in 8366ms (Views: 8353.5ms | ActiveRecord: 2.0ms | Allocations: 22786)


Started GET "/places" for ::1 at 2020-04-01 21:00:46 +0100
Processing by PlacesController#index as HTML
  Rendering places/index.html.erb within layouts/application
  [1m[36mPlace Load (0.2ms)[0m  [1m[34mSELECT "places".* FROM "places"[0m
  ↳ app/views/places/index.html.erb:16
  Rendered places/index.html.erb within layouts/application (Duration: 2.2ms | Allocations: 601)
[Webpacker] Everything's up-to-date. Nothing to do
Completed 200 OK in 21ms (Views: 19.9ms | ActiveRecord: 0.2ms | Allocations: 4433)


  [1m[35m (1.4ms)[0m  [1m[34mSELECT sqlite_version(*)[0m
  [1m[35m (0.1ms)[0m  [1m[34mSELECT "schema_migrations"."version" FROM "schema_migrations" ORDER BY "schema_migrations"."version" ASC[0m
  [1m[35m (0.0ms)[0m  [1m[34mSELECT sqlite_version(*)[0m
  [1m[35m (0.1ms)[0m  [1m[36mbegin transaction[0m
  [1m[36mPlace Create (0.5ms)[0m  [1m[32mINSERT INTO "places" ("name", "latitude", "longitude", "created_at", "updated_at") VALUES (?, ?, ?, ?, ?)[0m  [["name", "Buckingham Palace"], ["latitude", 51.501564], ["longitude", -0.141944], ["created_at", "2020-04-01 20:01:06.964115"], ["updated_at", "2020-04-01 20:01:06.964115"]]
  [1m[35m (1.0ms)[0m  [1m[36mcommit transaction[0m
  [1m[35m (0.1ms)[0m  [1m[36mbegin transaction[0m
  [1m[36mPlace Create (0.9ms)[0m  [1m[32mINSERT INTO "places" ("name", "latitude", "longitude", "created_at", "updated_at") VALUES (?, ?, ?, ?, ?)[0m  [["name", "Westminster Abbey"], ["latitude", 51.499581], ["longitude", -0.127309], ["created_at", "2020-04-01 20:01:06.970280"], ["updated_at", "2020-04-01 20:01:06.970280"]]
  [1m[35m (0.8ms)[0m  [1m[36mcommit transaction[0m
  [1m[35m (0.1ms)[0m  [1m[36mbegin transaction[0m
  [1m[36mPlace Create (7.7ms)[0m  [1m[32mINSERT INTO "places" ("name", "latitude", "longitude", "created_at", "updated_at") VALUES (?, ?, ?, ?, ?)[0m  [["name", "Big Ben"], ["latitude", 51.500792], ["longitude", -0.124613], ["created_at", "2020-04-01 20:01:06.977004"], ["updated_at", "2020-04-01 20:01:06.977004"]]
  [1m[35m (1.1ms)[0m  [1m[36mcommit transaction[0m
Started GET "/places" for ::1 at 2020-04-01 21:02:25 +0100
  [1m[35m (0.8ms)[0m  [1m[34mSELECT sqlite_version(*)[0m
  [1m[35m (0.4ms)[0m  [1m[34mSELECT "schema_migrations"."version" FROM "schema_migrations" ORDER BY "schema_migrations"."version" ASC[0m
Processing by PlacesController#index as HTML
  Rendering places/index.html.erb within layouts/application
  [1m[36mPlace Load (0.6ms)[0m  [1m[34mSELECT "places".* FROM "places"[0m
  ↳ app/views/places/index.html.erb:16
  Rendered places/index.html.erb within layouts/application (Duration: 18.2ms | Allocations: 4907)
[Webpacker] Everything's up-to-date. Nothing to do
Completed 200 OK in 72ms (Views: 53.7ms | ActiveRecord: 1.1ms | Allocations: 13094)


Started GET "/" for ::1 at 2020-04-03 18:55:26 +0100
  [1m[35m (2.4ms)[0m  [1m[34mSELECT sqlite_version(*)[0m
  [1m[35m (0.9ms)[0m  [1m[34mSELECT "schema_migrations"."version" FROM "schema_migrations" ORDER BY "schema_migrations"."version" ASC[0m
Processing by Rails::WelcomeController#index as HTML
  Rendering /Users/davidmcgregor/.rvm/gems/ruby-2.7.0/gems/railties-6.0.2.2/lib/rails/templates/rails/welcome/index.html.erb
  Rendered /Users/davidmcgregor/.rvm/gems/ruby-2.7.0/gems/railties-6.0.2.2/lib/rails/templates/rails/welcome/index.html.erb (Duration: 24.7ms | Allocations: 295)
Completed 200 OK in 48ms (Views: 29.4ms | ActiveRecord: 0.0ms | Allocations: 1797)


Started GET "/places/1" for ::1 at 2020-04-03 18:55:44 +0100
Processing by PlacesController#show as HTML
  Parameters: {"id"=>"1"}
  [1m[36mPlace Load (2.9ms)[0m  [1m[34mSELECT "places".* FROM "places" WHERE "places"."id" = ? LIMIT ?[0m  [["id", 1], ["LIMIT", 1]]
  ↳ app/controllers/places_controller.rb:67:in `set_place'
  Rendering places/show.html.erb within layouts/application
  Rendered places/show.html.erb within layouts/application (Duration: 6.1ms | Allocations: 328)
[Webpacker] Everything's up-to-date. Nothing to do
Completed 200 OK in 107ms (Views: 58.8ms | ActiveRecord: 4.5ms | Allocations: 11942)


Started GET "/places" for ::1 at 2020-04-03 18:55:45 +0100
Processing by PlacesController#index as HTML
  Rendering places/index.html.erb within layouts/application
  [1m[36mPlace Load (0.3ms)[0m  [1m[34mSELECT "places".* FROM "places"[0m
  ↳ app/views/places/index.html.erb:16
  Rendered places/index.html.erb within layouts/application (Duration: 10.1ms | Allocations: 1407)
[Webpacker] Everything's up-to-date. Nothing to do
Completed 200 OK in 36ms (Views: 34.1ms | ActiveRecord: 0.3ms | Allocations: 5439)


Started GET "/places" for ::1 at 2020-04-03 18:56:26 +0100
Processing by PlacesController#index as HTML
  Rendering places/index.html.erb within layouts/application
  [1m[36mPlace Load (0.2ms)[0m  [1m[34mSELECT "places".* FROM "places"[0m
  ↳ app/views/places/index.html.erb:16
  Rendered places/index.html.erb within layouts/application (Duration: 7.2ms | Allocations: 1316)
[Webpacker] Everything's up-to-date. Nothing to do
Completed 200 OK in 23ms (Views: 19.9ms | ActiveRecord: 0.2ms | Allocations: 6123)


Started GET "/places" for ::1 at 2020-04-03 18:56:27 +0100
Processing by PlacesController#index as HTML
  Rendering places/index.html.erb within layouts/application
  [1m[36mPlace Load (0.3ms)[0m  [1m[34mSELECT "places".* FROM "places"[0m
  ↳ app/views/places/index.html.erb:16
  Rendered places/index.html.erb within layouts/application (Duration: 5.1ms | Allocations: 1054)
[Webpacker] Everything's up-to-date. Nothing to do
Completed 200 OK in 18ms (Views: 16.7ms | ActiveRecord: 0.3ms | Allocations: 4947)


Started GET "/places" for ::1 at 2020-04-03 18:56:55 +0100
  [1m[35m (2.9ms)[0m  [1m[34mSELECT sqlite_version(*)[0m
  [1m[35m (1.3ms)[0m  [1m[34mSELECT "schema_migrations"."version" FROM "schema_migrations" ORDER BY "schema_migrations"."version" ASC[0m
Processing by PlacesController#index as HTML
  Rendering places/index.html.erb within layouts/application
  [1m[36mPlace Load (0.3ms)[0m  [1m[34mSELECT "places".* FROM "places"[0m
  ↳ app/views/places/index.html.erb:16
  Rendered places/index.html.erb within layouts/application (Duration: 74.6ms | Allocations: 4907)
[Webpacker] Everything's up-to-date. Nothing to do
Completed 200 OK in 203ms (Views: 165.4ms | ActiveRecord: 2.2ms | Allocations: 12946)


Started GET "/places/1" for ::1 at 2020-04-03 18:56:58 +0100
Processing by PlacesController#show as HTML
  Parameters: {"id"=>"1"}
  [1m[36mPlace Load (0.3ms)[0m  [1m[34mSELECT "places".* FROM "places" WHERE "places"."id" = ? LIMIT ?[0m  [["id", 1], ["LIMIT", 1]]
  ↳ app/controllers/places_controller.rb:67:in `set_place'
  Rendering places/show.html.erb within layouts/application
  Rendered places/show.html.erb within layouts/application (Duration: 8.7ms | Allocations: 1010)
[Webpacker] Everything's up-to-date. Nothing to do
Completed 200 OK in 37ms (Views: 25.7ms | ActiveRecord: 0.3ms | Allocations: 5842)


Started GET "/places/1" for ::1 at 2020-04-03 19:01:54 +0100
Processing by PlacesController#show as HTML
  Parameters: {"id"=>"1"}
  [1m[36mPlace Load (0.3ms)[0m  [1m[34mSELECT "places".* FROM "places" WHERE "places"."id" = ? LIMIT ?[0m  [["id", 1], ["LIMIT", 1]]
  ↳ app/controllers/places_controller.rb:67:in `set_place'
  Rendering places/show.html.erb within layouts/application
  Rendered places/show.html.erb within layouts/application (Duration: 0.6ms | Allocations: 135)
[Webpacker] Everything's up-to-date. Nothing to do
Completed 200 OK in 38ms (Views: 36.6ms | ActiveRecord: 0.3ms | Allocations: 4503)


Started GET "/places/1" for ::1 at 2020-04-03 19:01:55 +0100
Processing by PlacesController#show as HTML
  Parameters: {"id"=>"1"}
  [1m[36mPlace Load (0.2ms)[0m  [1m[34mSELECT "places".* FROM "places" WHERE "places"."id" = ? LIMIT ?[0m  [["id", 1], ["LIMIT", 1]]
  ↳ app/controllers/places_controller.rb:67:in `set_place'
  Rendering places/show.html.erb within layouts/application
  Rendered places/show.html.erb within layouts/application (Duration: 0.5ms | Allocations: 135)
[Webpacker] Everything's up-to-date. Nothing to do
Completed 200 OK in 15ms (Views: 11.6ms | ActiveRecord: 0.2ms | Allocations: 4524)


Started GET "/places/1" for ::1 at 2020-04-03 19:05:13 +0100
  [1m[35m (1.4ms)[0m  [1m[34mSELECT sqlite_version(*)[0m
  [1m[35m (0.2ms)[0m  [1m[34mSELECT "schema_migrations"."version" FROM "schema_migrations" ORDER BY "schema_migrations"."version" ASC[0m
Processing by PlacesController#show as HTML
  Parameters: {"id"=>"1"}
  [1m[36mPlace Load (0.2ms)[0m  [1m[34mSELECT "places".* FROM "places" WHERE "places"."id" = ? LIMIT ?[0m  [["id", 1], ["LIMIT", 1]]
  ↳ app/controllers/places_controller.rb:67:in `set_place'
  Rendering places/show.html.erb within layouts/application
  Rendered places/show.html.erb within layouts/application (Duration: 34.2ms | Allocations: 1161)
[Webpacker] Everything's up-to-date. Nothing to do
Completed 200 OK in 205ms (Views: 133.2ms | ActiveRecord: 0.7ms | Allocations: 13360)


Started GET "/places/1" for ::1 at 2020-04-03 19:10:18 +0100
Processing by PlacesController#show as HTML
  Parameters: {"id"=>"1"}
  [1m[36mPlace Load (0.9ms)[0m  [1m[34mSELECT "places".* FROM "places" WHERE "places"."id" = ? LIMIT ?[0m  [["id", 1], ["LIMIT", 1]]
  ↳ app/controllers/places_controller.rb:67:in `set_place'
  Rendering places/show.html.erb within layouts/application
  Rendered places/show.html.erb within layouts/application (Duration: 0.8ms | Allocations: 142)
[Webpacker] Everything's up-to-date. Nothing to do
Completed 200 OK in 56ms (Views: 42.8ms | ActiveRecord: 0.9ms | Allocations: 4526)


Started GET "/places/1" for ::1 at 2020-04-03 19:11:14 +0100
Processing by PlacesController#show as HTML
  Parameters: {"id"=>"1"}
  [1m[36mPlace Load (0.2ms)[0m  [1m[34mSELECT "places".* FROM "places" WHERE "places"."id" = ? LIMIT ?[0m  [["id", 1], ["LIMIT", 1]]
  ↳ app/controllers/places_controller.rb:67:in `set_place'
  Rendering places/show.html.erb within layouts/application
  Rendered places/show.html.erb within layouts/application (Duration: 1.3ms | Allocations: 345)
[Webpacker] Everything's up-to-date. Nothing to do
Completed 200 OK in 34ms (Views: 29.0ms | ActiveRecord: 0.2ms | Allocations: 5641)


Started GET "/places/1" for ::1 at 2020-04-03 19:11:57 +0100
  [1m[35m (1.0ms)[0m  [1m[34mSELECT sqlite_version(*)[0m
  [1m[35m (0.2ms)[0m  [1m[34mSELECT "schema_migrations"."version" FROM "schema_migrations" ORDER BY "schema_migrations"."version" ASC[0m
Processing by PlacesController#show as HTML
  Parameters: {"id"=>"1"}
  [1m[36mPlace Load (0.2ms)[0m  [1m[34mSELECT "places".* FROM "places" WHERE "places"."id" = ? LIMIT ?[0m  [["id", 1], ["LIMIT", 1]]
  ↳ app/controllers/places_controller.rb:67:in `set_place'
  Rendering places/show.html.erb within layouts/application
  Rendered places/show.html.erb within layouts/application (Duration: 3.2ms | Allocations: 1164)
[Webpacker] Everything's up-to-date. Nothing to do
Completed 200 OK in 100ms (Views: 51.9ms | ActiveRecord: 0.8ms | Allocations: 13353)


Started GET "/places/1" for ::1 at 2020-04-03 19:12:11 +0100
Processing by PlacesController#show as HTML
  Parameters: {"id"=>"1"}
  [1m[36mPlace Load (0.3ms)[0m  [1m[34mSELECT "places".* FROM "places" WHERE "places"."id" = ? LIMIT ?[0m  [["id", 1], ["LIMIT", 1]]
  ↳ app/controllers/places_controller.rb:67:in `set_place'
  Rendering places/show.html.erb within layouts/application
  Rendered places/show.html.erb within layouts/application (Duration: 1.6ms | Allocations: 396)
[Webpacker] Everything's up-to-date. Nothing to do
Completed 200 OK in 28ms (Views: 22.4ms | ActiveRecord: 0.3ms | Allocations: 5698)


Started GET "/places/1" for ::1 at 2020-04-04 18:12:12 +0100
  [1m[35m (0.4ms)[0m  [1m[34mSELECT sqlite_version(*)[0m
  [1m[35m (0.2ms)[0m  [1m[34mSELECT "schema_migrations"."version" FROM "schema_migrations" ORDER BY "schema_migrations"."version" ASC[0m
Processing by PlacesController#show as HTML
  Parameters: {"id"=>"1"}
  [1m[36mPlace Load (0.2ms)[0m  [1m[34mSELECT "places".* FROM "places" WHERE "places"."id" = ? LIMIT ?[0m  [["id", 1], ["LIMIT", 1]]
  ↳ app/controllers/places_controller.rb:67:in `set_place'
  Rendering places/show.html.erb within layouts/application
  Rendered places/show.html.erb within layouts/application (Duration: 3.3ms | Allocations: 1161)
[Webpacker] Everything's up-to-date. Nothing to do
Completed 200 OK in 88ms (Views: 54.8ms | ActiveRecord: 1.2ms | Allocations: 13718)


Started GET "/places/1" for ::1 at 2020-04-04 18:12:42 +0100
Processing by PlacesController#show as HTML
  Parameters: {"id"=>"1"}
  [1m[36mPlace Load (0.2ms)[0m  [1m[34mSELECT "places".* FROM "places" WHERE "places"."id" = ? LIMIT ?[0m  [["id", 1], ["LIMIT", 1]]
  ↳ app/controllers/places_controller.rb:67:in `set_place'
  Rendering places/show.html.erb within layouts/application
  Rendered places/show.html.erb within layouts/application (Duration: 1.6ms | Allocations: 345)
[Webpacker] Everything's up-to-date. Nothing to do
Completed 200 OK in 21ms (Views: 17.6ms | ActiveRecord: 0.2ms | Allocations: 5660)


Started GET "/places/1" for ::1 at 2020-04-04 18:12:43 +0100
Processing by PlacesController#show as HTML
  Parameters: {"id"=>"1"}
  [1m[36mPlace Load (0.2ms)[0m  [1m[34mSELECT "places".* FROM "places" WHERE "places"."id" = ? LIMIT ?[0m  [["id", 1], ["LIMIT", 1]]
  ↳ app/controllers/places_controller.rb:67:in `set_place'
  Rendering places/show.html.erb within layouts/application
  Rendered places/show.html.erb within layouts/application (Duration: 3.6ms | Allocations: 141)
[Webpacker] Everything's up-to-date. Nothing to do
Completed 200 OK in 28ms (Views: 25.4ms | ActiveRecord: 0.2ms | Allocations: 4535)


Started GET "/places/1" for ::1 at 2020-04-04 18:12:50 +0100
Processing by PlacesController#show as HTML
  Parameters: {"id"=>"1"}
  [1m[36mPlace Load (0.2ms)[0m  [1m[34mSELECT "places".* FROM "places" WHERE "places"."id" = ? LIMIT ?[0m  [["id", 1], ["LIMIT", 1]]
  ↳ app/controllers/places_controller.rb:67:in `set_place'
  Rendering places/show.html.erb within layouts/application
  Rendered places/show.html.erb within layouts/application (Duration: 1.8ms | Allocations: 342)
[Webpacker] Everything's up-to-date. Nothing to do
Completed 200 OK in 35ms (Views: 27.5ms | ActiveRecord: 0.2ms | Allocations: 5651)


Started GET "/places/1" for ::1 at 2020-04-04 18:13:32 +0100
Processing by PlacesController#show as HTML
  Parameters: {"id"=>"1"}
  [1m[36mPlace Load (0.3ms)[0m  [1m[34mSELECT "places".* FROM "places" WHERE "places"."id" = ? LIMIT ?[0m  [["id", 1], ["LIMIT", 1]]
  ↳ app/controllers/places_controller.rb:67:in `set_place'
  Rendering places/show.html.erb within layouts/application
  Rendered places/show.html.erb within layouts/application (Duration: 1.4ms | Allocations: 345)
[Webpacker] Everything's up-to-date. Nothing to do
Completed 200 OK in 32ms (Views: 28.6ms | ActiveRecord: 0.3ms | Allocations: 5671)


Started GET "/places/1" for ::1 at 2020-04-04 18:16:07 +0100
Processing by PlacesController#show as HTML
  Parameters: {"id"=>"1"}
  [1m[36mPlace Load (0.3ms)[0m  [1m[34mSELECT "places".* FROM "places" WHERE "places"."id" = ? LIMIT ?[0m  [["id", 1], ["LIMIT", 1]]
  ↳ app/controllers/places_controller.rb:67:in `set_place'
  Rendering places/show.html.erb within layouts/application
  Rendered places/show.html.erb within layouts/application (Duration: 1.4ms | Allocations: 295)
[Webpacker] Everything's up-to-date. Nothing to do
Completed 200 OK in 52ms (Views: 47.4ms | ActiveRecord: 0.3ms | Allocations: 6266)


Started GET "/places/1" for ::1 at 2020-04-04 18:17:33 +0100
Processing by PlacesController#show as HTML
  Parameters: {"id"=>"1"}
  [1m[36mPlace Load (0.2ms)[0m  [1m[34mSELECT "places".* FROM "places" WHERE "places"."id" = ? LIMIT ?[0m  [["id", 1], ["LIMIT", 1]]
  ↳ app/controllers/places_controller.rb:67:in `set_place'
  Rendering places/show.html.erb within layouts/application
  Rendered places/show.html.erb within layouts/application (Duration: 2.1ms | Allocations: 293)
[Webpacker] Everything's up-to-date. Nothing to do
Completed 200 OK in 37ms (Views: 31.1ms | ActiveRecord: 0.2ms | Allocations: 6457)


Started GET "/places/1" for ::1 at 2020-04-04 18:17:35 +0100
Processing by PlacesController#show as HTML
  Parameters: {"id"=>"1"}
  [1m[36mPlace Load (0.1ms)[0m  [1m[34mSELECT "places".* FROM "places" WHERE "places"."id" = ? LIMIT ?[0m  [["id", 1], ["LIMIT", 1]]
  ↳ app/controllers/places_controller.rb:67:in `set_place'
  Rendering places/show.html.erb within layouts/application
  Rendered places/show.html.erb within layouts/application (Duration: 0.6ms | Allocations: 113)
[Webpacker] Everything's up-to-date. Nothing to do
Completed 200 OK in 17ms (Views: 12.6ms | ActiveRecord: 0.1ms | Allocations: 5155)


Started GET "/places/1" for ::1 at 2020-04-04 18:18:43 +0100
Processing by PlacesController#show as HTML
  Parameters: {"id"=>"1"}
  [1m[36mPlace Load (0.2ms)[0m  [1m[34mSELECT "places".* FROM "places" WHERE "places"."id" = ? LIMIT ?[0m  [["id", 1], ["LIMIT", 1]]
  ↳ app/controllers/places_controller.rb:67:in `set_place'
  Rendering places/show.html.erb within layouts/application
  Rendered places/show.html.erb within layouts/application (Duration: 3.4ms | Allocations: 372)
[Webpacker] Everything's up-to-date. Nothing to do
Completed 200 OK in 28ms (Views: 22.1ms | ActiveRecord: 0.2ms | Allocations: 6331)


Started GET "/places/1" for ::1 at 2020-04-04 18:19:58 +0100
Processing by PlacesController#show as HTML
  Parameters: {"id"=>"1"}
  [1m[36mPlace Load (0.2ms)[0m  [1m[34mSELECT "places".* FROM "places" WHERE "places"."id" = ? LIMIT ?[0m  [["id", 1], ["LIMIT", 1]]
  ↳ app/controllers/places_controller.rb:67:in `set_place'
  Rendering places/show.html.erb within layouts/application
  Rendered places/show.html.erb within layouts/application (Duration: 0.9ms | Allocations: 122)
[Webpacker] Everything's up-to-date. Nothing to do
Completed 200 OK in 19ms (Views: 15.7ms | ActiveRecord: 0.2ms | Allocations: 5142)


Started GET "/places/1" for ::1 at 2020-04-04 18:22:41 +0100
Processing by PlacesController#show as HTML
  Parameters: {"id"=>"1"}
  [1m[36mPlace Load (0.3ms)[0m  [1m[34mSELECT "places".* FROM "places" WHERE "places"."id" = ? LIMIT ?[0m  [["id", 1], ["LIMIT", 1]]
  ↳ app/controllers/places_controller.rb:67:in `set_place'
  Rendering places/show.html.erb within layouts/application
  Rendered places/show.html.erb within layouts/application (Duration: 0.7ms | Allocations: 115)
[Webpacker] Compiling...
[Webpacker] Compiled all packs in /Users/davidmcgregor/Projects/google-maps-api-practice/public/packs
[Webpacker] Hash: 32e57f147dbdcbbf0c82
Version: webpack 4.42.1
Time: 1585ms
Built at: 04/04/2020 6:22:48 PM
                                     Asset       Size       Chunks                         Chunk Names
    js/application-bbe9c4a129ab949e0636.js    124 KiB  application  [emitted] [immutable]  application
js/application-bbe9c4a129ab949e0636.js.map    139 KiB  application  [emitted] [dev]        application
                             manifest.json  364 bytes               [emitted]              
Entrypoint application = js/application-bbe9c4a129ab949e0636.js js/application-bbe9c4a129ab949e0636.js.map
[./app/javascript/channels sync recursive _channel\.js$] ./app/javascript/channels sync _channel\.js$ 160 bytes {application} [built]
[./app/javascript/channels/index.js] 211 bytes {application} [built]
[./app/javascript/packs/application.js] 749 bytes {application} [built]
[./node_modules/webpack/buildin/module.js] (webpack)/buildin/module.js 552 bytes {application} [built]
    + 3 hidden modules

Completed 200 OK in 6549ms (Views: 6545.7ms | ActiveRecord: 0.3ms | Allocations: 6356)


Started GET "/places/1" for ::1 at 2020-04-04 18:23:32 +0100
Processing by PlacesController#show as HTML
  Parameters: {"id"=>"1"}
  [1m[36mPlace Load (0.3ms)[0m  [1m[34mSELECT "places".* FROM "places" WHERE "places"."id" = ? LIMIT ?[0m  [["id", 1], ["LIMIT", 1]]
  ↳ app/controllers/places_controller.rb:67:in `set_place'
  Rendering places/show.html.erb within layouts/application
  Rendered places/show.html.erb within layouts/application (Duration: 0.6ms | Allocations: 115)
[Webpacker] Everything's up-to-date. Nothing to do
Completed 200 OK in 20ms (Views: 16.7ms | ActiveRecord: 0.3ms | Allocations: 5157)


Started GET "/places/1" for ::1 at 2020-04-04 18:24:57 +0100
Processing by PlacesController#show as HTML
  Parameters: {"id"=>"1"}
  [1m[36mPlace Load (0.2ms)[0m  [1m[34mSELECT "places".* FROM "places" WHERE "places"."id" = ? LIMIT ?[0m  [["id", 1], ["LIMIT", 1]]
  ↳ app/controllers/places_controller.rb:67:in `set_place'
  Rendering places/show.html.erb within layouts/application
  Rendered places/show.html.erb within layouts/application (Duration: 0.6ms | Allocations: 115)
[Webpacker] Compiling...
[Webpacker] Compilation failed:
Hash: 99cea7f21ebe6adf659e
Version: webpack 4.42.1
Time: 1453ms
Built at: 04/04/2020 6:25:03 PM
                                     Asset       Size       Chunks                         Chunk Names
    js/application-fcf0ec7a7c04655f5a86.js    124 KiB  application  [emitted] [immutable]  application
js/application-fcf0ec7a7c04655f5a86.js.map    139 KiB  application  [emitted] [dev]        application
                             manifest.json  364 bytes               [emitted]              
Entrypoint application = js/application-fcf0ec7a7c04655f5a86.js js/application-fcf0ec7a7c04655f5a86.js.map
[./app/javascript/channels sync recursive _channel\.js$] ./app/javascript/channels sync _channel\.js$ 160 bytes {application} [built]
[./app/javascript/channels/index.js] 211 bytes {application} [built]
[./app/javascript/packs/application.js] 767 bytes {application} [built]
[./node_modules/webpack/buildin/module.js] (webpack)/buildin/module.js 552 bytes {application} [built]
    + 3 hidden modules

ERROR in ./app/javascript/packs/application.js
Module not found: Error: Can't resolve 'maps' in '/Users/davidmcgregor/Projects/google-maps-api-practice/app/javascript/packs'
 @ ./app/javascript/packs/application.js 13:0-15

Completed 200 OK in 5259ms (Views: 5256.0ms | ActiveRecord: 0.2ms | Allocations: 6256)


Started GET "/places/1" for ::1 at 2020-04-04 18:25:29 +0100
Processing by PlacesController#show as HTML
  Parameters: {"id"=>"1"}
  [1m[36mPlace Load (1.1ms)[0m  [1m[34mSELECT "places".* FROM "places" WHERE "places"."id" = ? LIMIT ?[0m  [["id", 1], ["LIMIT", 1]]
  ↳ app/controllers/places_controller.rb:67:in `set_place'
  Rendering places/show.html.erb within layouts/application
  Rendered places/show.html.erb within layouts/application (Duration: 0.6ms | Allocations: 115)
[Webpacker] Compiling...
[Webpacker] Compiled all packs in /Users/davidmcgregor/Projects/google-maps-api-practice/public/packs
[Webpacker] Hash: 32e57f147dbdcbbf0c82
Version: webpack 4.42.1
Time: 715ms
Built at: 04/04/2020 6:25:32 PM
                                     Asset       Size       Chunks                         Chunk Names
    js/application-bbe9c4a129ab949e0636.js    124 KiB  application  [emitted] [immutable]  application
js/application-bbe9c4a129ab949e0636.js.map    139 KiB  application  [emitted] [dev]        application
                             manifest.json  364 bytes               [emitted]              
Entrypoint application = js/application-bbe9c4a129ab949e0636.js js/application-bbe9c4a129ab949e0636.js.map
[./app/javascript/channels sync recursive _channel\.js$] ./app/javascript/channels sync _channel\.js$ 160 bytes {application} [built]
[./app/javascript/channels/index.js] 211 bytes {application} [built]
[./app/javascript/packs/application.js] 749 bytes {application} [built]
[./node_modules/webpack/buildin/module.js] (webpack)/buildin/module.js 552 bytes {application} [built]
    + 3 hidden modules

Completed 200 OK in 2248ms (Views: 2245.4ms | ActiveRecord: 1.1ms | Allocations: 6306)


Started GET "/places/1" for ::1 at 2020-04-04 18:27:05 +0100
Processing by PlacesController#show as HTML
  Parameters: {"id"=>"1"}
  [1m[36mPlace Load (0.2ms)[0m  [1m[34mSELECT "places".* FROM "places" WHERE "places"."id" = ? LIMIT ?[0m  [["id", 1], ["LIMIT", 1]]
  ↳ app/controllers/places_controller.rb:67:in `set_place'
  Rendering places/show.html.erb within layouts/application
  Rendered places/show.html.erb within layouts/application (Duration: 0.4ms | Allocations: 115)
[Webpacker] Compiling...
[Webpacker] Compiled all packs in /Users/davidmcgregor/Projects/google-maps-api-practice/public/packs
[Webpacker] Hash: ddf68199594c3c1ccf17
Version: webpack 4.42.1
Time: 1427ms
Built at: 04/04/2020 6:27:10 PM
                                     Asset       Size       Chunks                         Chunk Names
    js/application-cbdf1ad6a62dfd7ed694.js    124 KiB  application  [emitted] [immutable]  application
js/application-cbdf1ad6a62dfd7ed694.js.map    139 KiB  application  [emitted] [dev]        application
                             manifest.json  364 bytes               [emitted]              
Entrypoint application = js/application-cbdf1ad6a62dfd7ed694.js js/application-cbdf1ad6a62dfd7ed694.js.map
[./app/javascript/channels sync recursive _channel\.js$] ./app/javascript/channels sync _channel\.js$ 160 bytes {application} [built]
[./app/javascript/channels/index.js] 211 bytes {application} [built]
[./app/javascript/maps/initmap.js] 219 bytes {application} [built]
[./app/javascript/packs/application.js] 775 bytes {application} [built]
[./node_modules/webpack/buildin/module.js] (webpack)/buildin/module.js 552 bytes {application} [built]
    + 3 hidden modules

Completed 200 OK in 4875ms (Views: 4872.6ms | ActiveRecord: 0.2ms | Allocations: 6326)


Started GET "/places/1" for ::1 at 2020-04-04 18:28:47 +0100
Processing by PlacesController#show as HTML
  Parameters: {"id"=>"1"}
  [1m[36mPlace Load (0.2ms)[0m  [1m[34mSELECT "places".* FROM "places" WHERE "places"."id" = ? LIMIT ?[0m  [["id", 1], ["LIMIT", 1]]
  ↳ app/controllers/places_controller.rb:67:in `set_place'
  Rendering places/show.html.erb within layouts/application
  Rendered places/show.html.erb within layouts/application (Duration: 0.5ms | Allocations: 115)
[Webpacker] Compiling...
[Webpacker] Compiled all packs in /Users/davidmcgregor/Projects/google-maps-api-practice/public/packs
[Webpacker] Hash: 4e145e2525cd62bb7d9b
Version: webpack 4.42.1
Time: 1190ms
Built at: 04/04/2020 6:28:51 PM
                                     Asset       Size       Chunks                         Chunk Names
    js/application-9ce0821eae379c1f8f4f.js    125 KiB  application  [emitted] [immutable]  application
js/application-9ce0821eae379c1f8f4f.js.map    139 KiB  application  [emitted] [dev]        application
                             manifest.json  364 bytes               [emitted]              
Entrypoint application = js/application-9ce0821eae379c1f8f4f.js js/application-9ce0821eae379c1f8f4f.js.map
[./app/javascript/channels sync recursive _channel\.js$] ./app/javascript/channels sync _channel\.js$ 160 bytes {application} [built]
[./app/javascript/channels/index.js] 211 bytes {application} [built]
[./app/javascript/maps/initmap.js] 230 bytes {application} [built]
[./app/javascript/packs/application.js] 775 bytes {application} [built]
[./node_modules/webpack/buildin/module.js] (webpack)/buildin/module.js 552 bytes {application} [built]
    + 3 hidden modules

Completed 200 OK in 4305ms (Views: 4300.9ms | ActiveRecord: 0.2ms | Allocations: 6318)


Started GET "/places/1" for ::1 at 2020-04-04 18:30:55 +0100
Processing by PlacesController#show as HTML
  Parameters: {"id"=>"1"}
  [1m[36mPlace Load (0.1ms)[0m  [1m[34mSELECT "places".* FROM "places" WHERE "places"."id" = ? LIMIT ?[0m  [["id", 1], ["LIMIT", 1]]
  ↳ app/controllers/places_controller.rb:67:in `set_place'
  Rendering places/show.html.erb within layouts/application
  Rendered places/show.html.erb within layouts/application (Duration: 0.4ms | Allocations: 115)
[Webpacker] Compiling...
[Webpacker] Compiled all packs in /Users/davidmcgregor/Projects/google-maps-api-practice/public/packs
[Webpacker] Hash: fae019da9c8a7a43d5c4
Version: webpack 4.42.1
Time: 1493ms
Built at: 04/04/2020 6:31:00 PM
                                     Asset       Size       Chunks                         Chunk Names
    js/application-d66c51b7791c885fa3d2.js    125 KiB  application  [emitted] [immutable]  application
js/application-d66c51b7791c885fa3d2.js.map    139 KiB  application  [emitted] [dev]        application
                             manifest.json  364 bytes               [emitted]              
Entrypoint application = js/application-d66c51b7791c885fa3d2.js js/application-d66c51b7791c885fa3d2.js.map
[./app/javascript/channels sync recursive _channel\.js$] ./app/javascript/channels sync _channel\.js$ 160 bytes {application} [built]
[./app/javascript/channels/index.js] 211 bytes {application} [built]
[./app/javascript/maps/initmap.js] 313 bytes {application} [built]
[./app/javascript/packs/application.js] 775 bytes {application} [built]
[./node_modules/webpack/buildin/module.js] (webpack)/buildin/module.js 552 bytes {application} [built]
    + 3 hidden modules

Completed 200 OK in 5539ms (Views: 5536.9ms | ActiveRecord: 0.1ms | Allocations: 6335)


Started GET "/places/" for ::1 at 2020-04-04 18:31:27 +0100
Processing by PlacesController#index as HTML
  Rendering places/index.html.erb within layouts/application
  [1m[36mPlace Load (0.4ms)[0m  [1m[34mSELECT "places".* FROM "places"[0m
  ↳ app/views/places/index.html.erb:16
  Rendered places/index.html.erb within layouts/application (Duration: 7.4ms | Allocations: 1404)
[Webpacker] Everything's up-to-date. Nothing to do
Completed 200 OK in 24ms (Views: 21.2ms | ActiveRecord: 0.4ms | Allocations: 6077)


Started GET "/places/2" for ::1 at 2020-04-04 18:31:29 +0100
Processing by PlacesController#show as HTML
  Parameters: {"id"=>"2"}
  [1m[36mPlace Load (0.2ms)[0m  [1m[34mSELECT "places".* FROM "places" WHERE "places"."id" = ? LIMIT ?[0m  [["id", 2], ["LIMIT", 1]]
  ↳ app/controllers/places_controller.rb:67:in `set_place'
  Rendering places/show.html.erb within layouts/application
  Rendered places/show.html.erb within layouts/application (Duration: 0.5ms | Allocations: 116)
[Webpacker] Everything's up-to-date. Nothing to do
Completed 200 OK in 28ms (Views: 25.7ms | ActiveRecord: 0.2ms | Allocations: 5123)


Started GET "/places/2" for ::1 at 2020-04-04 18:31:31 +0100
Processing by PlacesController#show as HTML
  Parameters: {"id"=>"2"}
  [1m[36mPlace Load (0.4ms)[0m  [1m[34mSELECT "places".* FROM "places" WHERE "places"."id" = ? LIMIT ?[0m  [["id", 2], ["LIMIT", 1]]
  ↳ app/controllers/places_controller.rb:67:in `set_place'
  Rendering places/show.html.erb within layouts/application
  Rendered places/show.html.erb within layouts/application (Duration: 0.8ms | Allocations: 115)
[Webpacker] Everything's up-to-date. Nothing to do
Completed 200 OK in 24ms (Views: 18.0ms | ActiveRecord: 0.4ms | Allocations: 5134)


Started GET "/places/" for ::1 at 2020-04-04 18:31:33 +0100
Processing by PlacesController#index as HTML
  Rendering places/index.html.erb within layouts/application
  [1m[36mPlace Load (0.2ms)[0m  [1m[34mSELECT "places".* FROM "places"[0m
  ↳ app/views/places/index.html.erb:16
  Rendered places/index.html.erb within layouts/application (Duration: 4.1ms | Allocations: 1046)
[Webpacker] Everything's up-to-date. Nothing to do
Completed 200 OK in 19ms (Views: 17.4ms | ActiveRecord: 0.2ms | Allocations: 5607)


Started GET "/places/3" for ::1 at 2020-04-04 18:31:35 +0100
Processing by PlacesController#show as HTML
  Parameters: {"id"=>"3"}
  [1m[36mPlace Load (0.2ms)[0m  [1m[34mSELECT "places".* FROM "places" WHERE "places"."id" = ? LIMIT ?[0m  [["id", 3], ["LIMIT", 1]]
  ↳ app/controllers/places_controller.rb:67:in `set_place'
  Rendering places/show.html.erb within layouts/application
  Rendered places/show.html.erb within layouts/application (Duration: 0.5ms | Allocations: 115)
[Webpacker] Everything's up-to-date. Nothing to do
Completed 200 OK in 21ms (Views: 17.5ms | ActiveRecord: 0.2ms | Allocations: 5152)


Started GET "/places/3" for ::1 at 2020-04-04 18:31:38 +0100
Processing by PlacesController#show as HTML
  Parameters: {"id"=>"3"}
  [1m[36mPlace Load (0.6ms)[0m  [1m[34mSELECT "places".* FROM "places" WHERE "places"."id" = ? LIMIT ?[0m  [["id", 3], ["LIMIT", 1]]
  ↳ app/controllers/places_controller.rb:67:in `set_place'
  Rendering places/show.html.erb within layouts/application
  Rendered places/show.html.erb within layouts/application (Duration: 0.8ms | Allocations: 115)
[Webpacker] Everything's up-to-date. Nothing to do
Completed 200 OK in 20ms (Views: 15.7ms | ActiveRecord: 0.6ms | Allocations: 5145)


Started GET "/places/" for ::1 at 2020-04-04 18:32:28 +0100
Processing by PlacesController#index as HTML
  Rendering places/index.html.erb within layouts/application
  [1m[36mPlace Load (0.3ms)[0m  [1m[34mSELECT "places".* FROM "places"[0m
  ↳ app/views/places/index.html.erb:16
  Rendered places/index.html.erb within layouts/application (Duration: 7.4ms | Allocations: 1311)
[Webpacker] Everything's up-to-date. Nothing to do
Completed 200 OK in 38ms (Views: 35.6ms | ActiveRecord: 0.3ms | Allocations: 6786)


Started GET "/places/1" for ::1 at 2020-04-04 18:32:30 +0100
Processing by PlacesController#show as HTML
  Parameters: {"id"=>"1"}
  [1m[36mPlace Load (0.2ms)[0m  [1m[34mSELECT "places".* FROM "places" WHERE "places"."id" = ? LIMIT ?[0m  [["id", 1], ["LIMIT", 1]]
  ↳ app/controllers/places_controller.rb:67:in `set_place'
  Rendering places/show.html.erb within layouts/application
  Rendered places/show.html.erb within layouts/application (Duration: 1.7ms | Allocations: 372)
[Webpacker] Everything's up-to-date. Nothing to do
Completed 200 OK in 18ms (Views: 12.2ms | ActiveRecord: 0.2ms | Allocations: 5546)


Started GET "/places/1" for ::1 at 2020-04-04 18:32:30 +0100
Processing by PlacesController#show as HTML
  Parameters: {"id"=>"1"}
  [1m[36mPlace Load (0.2ms)[0m  [1m[34mSELECT "places".* FROM "places" WHERE "places"."id" = ? LIMIT ?[0m  [["id", 1], ["LIMIT", 1]]
  ↳ app/controllers/places_controller.rb:67:in `set_place'
  Rendering places/show.html.erb within layouts/application
  Rendered places/show.html.erb within layouts/application (Duration: 0.3ms | Allocations: 115)
[Webpacker] Everything's up-to-date. Nothing to do
Completed 200 OK in 14ms (Views: 10.9ms | ActiveRecord: 0.2ms | Allocations: 5118)


Started GET "/places/" for ::1 at 2020-04-04 18:32:32 +0100
Processing by PlacesController#index as HTML
  Rendering places/index.html.erb within layouts/application
  [1m[36mPlace Load (0.2ms)[0m  [1m[34mSELECT "places".* FROM "places"[0m
  ↳ app/views/places/index.html.erb:16
  Rendered places/index.html.erb within layouts/application (Duration: 5.9ms | Allocations: 1049)
[Webpacker] Everything's up-to-date. Nothing to do
Completed 200 OK in 26ms (Views: 24.5ms | ActiveRecord: 0.2ms | Allocations: 5582)


Started GET "/places/2" for ::1 at 2020-04-04 18:32:33 +0100
Processing by PlacesController#show as HTML
  Parameters: {"id"=>"2"}
  [1m[36mPlace Load (0.2ms)[0m  [1m[34mSELECT "places".* FROM "places" WHERE "places"."id" = ? LIMIT ?[0m  [["id", 2], ["LIMIT", 1]]
  ↳ app/controllers/places_controller.rb:67:in `set_place'
  Rendering places/show.html.erb within layouts/application
  Rendered places/show.html.erb within layouts/application (Duration: 0.3ms | Allocations: 115)
[Webpacker] Everything's up-to-date. Nothing to do
Completed 200 OK in 19ms (Views: 16.6ms | ActiveRecord: 0.2ms | Allocations: 5139)


Started GET "/places/2" for ::1 at 2020-04-04 18:32:34 +0100
Processing by PlacesController#show as HTML
  Parameters: {"id"=>"2"}
  [1m[36mPlace Load (0.2ms)[0m  [1m[34mSELECT "places".* FROM "places" WHERE "places"."id" = ? LIMIT ?[0m  [["id", 2], ["LIMIT", 1]]
  ↳ app/controllers/places_controller.rb:67:in `set_place'
  Rendering places/show.html.erb within layouts/application
  Rendered places/show.html.erb within layouts/application (Duration: 0.5ms | Allocations: 115)
[Webpacker] Everything's up-to-date. Nothing to do
Completed 200 OK in 14ms (Views: 11.0ms | ActiveRecord: 0.2ms | Allocations: 5145)


Started GET "/places/" for ::1 at 2020-04-04 18:32:35 +0100
Processing by PlacesController#index as HTML
  Rendering places/index.html.erb within layouts/application
  [1m[36mPlace Load (0.2ms)[0m  [1m[34mSELECT "places".* FROM "places"[0m
  ↳ app/views/places/index.html.erb:16
  Rendered places/index.html.erb within layouts/application (Duration: 3.1ms | Allocations: 1045)
[Webpacker] Everything's up-to-date. Nothing to do
Completed 200 OK in 15ms (Views: 14.3ms | ActiveRecord: 0.2ms | Allocations: 5574)


Started GET "/places/3" for ::1 at 2020-04-04 18:32:36 +0100
Processing by PlacesController#show as HTML
  Parameters: {"id"=>"3"}
  [1m[36mPlace Load (0.1ms)[0m  [1m[34mSELECT "places".* FROM "places" WHERE "places"."id" = ? LIMIT ?[0m  [["id", 3], ["LIMIT", 1]]
  ↳ app/controllers/places_controller.rb:67:in `set_place'
  Rendering places/show.html.erb within layouts/application
  Rendered places/show.html.erb within layouts/application (Duration: 0.4ms | Allocations: 115)
[Webpacker] Everything's up-to-date. Nothing to do
Completed 200 OK in 32ms (Views: 30.3ms | ActiveRecord: 0.1ms | Allocations: 5133)


Started GET "/places/3" for ::1 at 2020-04-04 18:32:36 +0100
Processing by PlacesController#show as HTML
  Parameters: {"id"=>"3"}
  [1m[36mPlace Load (0.3ms)[0m  [1m[34mSELECT "places".* FROM "places" WHERE "places"."id" = ? LIMIT ?[0m  [["id", 3], ["LIMIT", 1]]
  ↳ app/controllers/places_controller.rb:67:in `set_place'
  Rendering places/show.html.erb within layouts/application
  Rendered places/show.html.erb within layouts/application (Duration: 0.8ms | Allocations: 115)
[Webpacker] Everything's up-to-date. Nothing to do
Completed 200 OK in 20ms (Views: 15.1ms | ActiveRecord: 0.3ms | Allocations: 5140)


Started GET "/places/" for ::1 at 2020-04-04 18:40:13 +0100
  [1m[35m (0.1ms)[0m  [1m[34mSELECT sqlite_version(*)[0m
Processing by PlacesController#index as HTML
  Rendering places/index.html.erb within layouts/application
  [1m[36mPlace Load (0.8ms)[0m  [1m[34mSELECT "places".* FROM "places"[0m
  ↳ app/views/places/index.html.erb:16
  Rendered places/index.html.erb within layouts/application (Duration: 7.8ms | Allocations: 1330)
[Webpacker] Compiling...
[Webpacker] Compiled all packs in /Users/davidmcgregor/Projects/google-maps-api-practice/public/packs
[Webpacker] Hash: 5bd85db5b31651752d58
Version: webpack 4.42.1
Time: 1450ms
Built at: 04/04/2020 6:40:19 PM
                                     Asset       Size       Chunks                         Chunk Names
    js/application-d6f5a5abef7599bc4eaa.js    125 KiB  application  [emitted] [immutable]  application
js/application-d6f5a5abef7599bc4eaa.js.map    140 KiB  application  [emitted] [dev]        application
                             manifest.json  364 bytes               [emitted]              
Entrypoint application = js/application-d6f5a5abef7599bc4eaa.js js/application-d6f5a5abef7599bc4eaa.js.map
[./app/javascript/channels sync recursive _channel\.js$] ./app/javascript/channels sync _channel\.js$ 160 bytes {application} [built]
[./app/javascript/channels/index.js] 211 bytes {application} [built]
[./app/javascript/maps/initmap.js] 809 bytes {application} [built]
[./app/javascript/packs/application.js] 775 bytes {application} [built]
[./node_modules/webpack/buildin/module.js] (webpack)/buildin/module.js 552 bytes {application} [built]
    + 3 hidden modules

Completed 200 OK in 5608ms (Views: 5605.7ms | ActiveRecord: 0.8ms | Allocations: 16577)


Started GET "/places/" for ::1 at 2020-04-04 18:40:19 +0100
Processing by PlacesController#index as HTML
  Rendering places/index.html.erb within layouts/application
  [1m[36mPlace Load (0.4ms)[0m  [1m[34mSELECT "places".* FROM "places"[0m
  ↳ app/views/places/index.html.erb:16
  Rendered places/index.html.erb within layouts/application (Duration: 12.1ms | Allocations: 1059)
[Webpacker] Everything's up-to-date. Nothing to do
Completed 200 OK in 29ms (Views: 27.5ms | ActiveRecord: 0.4ms | Allocations: 5623)


Started GET "/places/1/edit" for ::1 at 2020-04-04 18:40:21 +0100
Processing by PlacesController#edit as HTML
  Parameters: {"id"=>"1"}
  [1m[36mPlace Load (0.2ms)[0m  [1m[34mSELECT "places".* FROM "places" WHERE "places"."id" = ? LIMIT ?[0m  [["id", 1], ["LIMIT", 1]]
  ↳ app/controllers/places_controller.rb:67:in `set_place'
  Rendering places/edit.html.erb within layouts/application
  Rendered places/_form.html.erb (Duration: 44.9ms | Allocations: 6365)
  Rendered places/edit.html.erb within layouts/application (Duration: 48.6ms | Allocations: 6749)
[Webpacker] Everything's up-to-date. Nothing to do
Completed 200 OK in 57ms (Views: 55.4ms | ActiveRecord: 0.2ms | Allocations: 11842)


Started GET "/places/1/edit" for ::1 at 2020-04-04 18:40:21 +0100
Processing by PlacesController#edit as HTML
  Parameters: {"id"=>"1"}
  [1m[36mPlace Load (0.1ms)[0m  [1m[34mSELECT "places".* FROM "places" WHERE "places"."id" = ? LIMIT ?[0m  [["id", 1], ["LIMIT", 1]]
  ↳ app/controllers/places_controller.rb:67:in `set_place'
  Rendering places/edit.html.erb within layouts/application
  Rendered places/_form.html.erb (Duration: 2.5ms | Allocations: 947)
  Rendered places/edit.html.erb within layouts/application (Duration: 3.2ms | Allocations: 1058)
[Webpacker] Everything's up-to-date. Nothing to do
Completed 200 OK in 16ms (Views: 13.9ms | ActiveRecord: 0.1ms | Allocations: 6073)


Started GET "/places/1/edit" for ::1 at 2020-04-04 18:43:13 +0100
Processing by PlacesController#edit as HTML
  Parameters: {"id"=>"1"}
  [1m[36mPlace Load (0.2ms)[0m  [1m[34mSELECT "places".* FROM "places" WHERE "places"."id" = ? LIMIT ?[0m  [["id", 1], ["LIMIT", 1]]
  ↳ app/controllers/places_controller.rb:67:in `set_place'
  Rendering places/edit.html.erb within layouts/application
  Rendered places/_form.html.erb (Duration: 6.7ms | Allocations: 947)
  Rendered places/edit.html.erb within layouts/application (Duration: 7.5ms | Allocations: 1058)
[Webpacker] Compiling...
[Webpacker] Compiled all packs in /Users/davidmcgregor/Projects/google-maps-api-practice/public/packs
[Webpacker] Hash: 7270592fe31ede36a955
Version: webpack 4.42.1
Time: 1319ms
Built at: 04/04/2020 6:43:18 PM
                                     Asset       Size       Chunks                         Chunk Names
    js/application-a45839b0efa01e55ed32.js    126 KiB  application  [emitted] [immutable]  application
js/application-a45839b0efa01e55ed32.js.map    141 KiB  application  [emitted] [dev]        application
                             manifest.json  364 bytes               [emitted]              
Entrypoint application = js/application-a45839b0efa01e55ed32.js js/application-a45839b0efa01e55ed32.js.map
[./app/javascript/channels sync recursive _channel\.js$] ./app/javascript/channels sync _channel\.js$ 160 bytes {application} [built]
[./app/javascript/channels/index.js] 211 bytes {application} [built]
[./app/javascript/maps/initmap.js] 1.8 KiB {application} [built]
[./app/javascript/packs/application.js] 775 bytes {application} [built]
[./node_modules/webpack/buildin/module.js] (webpack)/buildin/module.js 552 bytes {application} [built]
    + 3 hidden modules

Completed 200 OK in 4870ms (Views: 4867.3ms | ActiveRecord: 0.2ms | Allocations: 7262)


Started GET "/places/1/edit" for ::1 at 2020-04-04 18:45:29 +0100
Processing by PlacesController#edit as HTML
  Parameters: {"id"=>"1"}
  [1m[36mPlace Load (0.6ms)[0m  [1m[34mSELECT "places".* FROM "places" WHERE "places"."id" = ? LIMIT ?[0m  [["id", 1], ["LIMIT", 1]]
  ↳ app/controllers/places_controller.rb:67:in `set_place'
  Rendering places/edit.html.erb within layouts/application
  Rendered places/_form.html.erb (Duration: 16.9ms | Allocations: 947)
  Rendered places/edit.html.erb within layouts/application (Duration: 17.6ms | Allocations: 1058)
[Webpacker] Compiling...
[Webpacker] Compiled all packs in /Users/davidmcgregor/Projects/google-maps-api-practice/public/packs
[Webpacker] Hash: b64322272340c7a81815
Version: webpack 4.42.1
Time: 1480ms
Built at: 04/04/2020 6:45:34 PM
                                     Asset       Size       Chunks                         Chunk Names
    js/application-884230d1736ef22fb31f.js    126 KiB  application  [emitted] [immutable]  application
js/application-884230d1736ef22fb31f.js.map    141 KiB  application  [emitted] [dev]        application
                             manifest.json  364 bytes               [emitted]              
Entrypoint application = js/application-884230d1736ef22fb31f.js js/application-884230d1736ef22fb31f.js.map
[./app/javascript/channels sync recursive _channel\.js$] ./app/javascript/channels sync _channel\.js$ 160 bytes {application} [built]
[./app/javascript/channels/index.js] 211 bytes {application} [built]
[./app/javascript/maps/initmap.js] 1.84 KiB {application} [built]
[./app/javascript/packs/application.js] 775 bytes {application} [built]
[./node_modules/webpack/buildin/module.js] (webpack)/buildin/module.js 552 bytes {application} [built]
    + 3 hidden modules

Completed 200 OK in 4569ms (Views: 4563.8ms | ActiveRecord: 0.6ms | Allocations: 7285)


Started GET "/places/1/edit" for ::1 at 2020-04-04 18:47:06 +0100
Processing by PlacesController#edit as HTML
  Parameters: {"id"=>"1"}
  [1m[36mPlace Load (0.9ms)[0m  [1m[34mSELECT "places".* FROM "places" WHERE "places"."id" = ? LIMIT ?[0m  [["id", 1], ["LIMIT", 1]]
  ↳ app/controllers/places_controller.rb:67:in `set_place'
  Rendering places/edit.html.erb within layouts/application
  Rendered places/_form.html.erb (Duration: 4.2ms | Allocations: 947)
  Rendered places/edit.html.erb within layouts/application (Duration: 5.1ms | Allocations: 1058)
[Webpacker] Compiling...
[Webpacker] Compiled all packs in /Users/davidmcgregor/Projects/google-maps-api-practice/public/packs
[Webpacker] Hash: 3fa855c44716f485eae1
Version: webpack 4.42.1
Time: 1589ms
Built at: 04/04/2020 6:47:12 PM
                                     Asset       Size       Chunks                         Chunk Names
    js/application-339ad29bdff40f775a03.js    126 KiB  application  [emitted] [immutable]  application
js/application-339ad29bdff40f775a03.js.map    142 KiB  application  [emitted] [dev]        application
                             manifest.json  364 bytes               [emitted]              
Entrypoint application = js/application-339ad29bdff40f775a03.js js/application-339ad29bdff40f775a03.js.map
[./app/javascript/channels sync recursive _channel\.js$] ./app/javascript/channels sync _channel\.js$ 160 bytes {application} [built]
[./app/javascript/channels/index.js] 211 bytes {application} [built]
[./app/javascript/maps/initmap.js] 2.04 KiB {application} [built]
[./app/javascript/packs/application.js] 775 bytes {application} [built]
[./node_modules/webpack/buildin/module.js] (webpack)/buildin/module.js 552 bytes {application} [built]
    + 3 hidden modules

Completed 200 OK in 5374ms (Views: 5365.5ms | ActiveRecord: 0.9ms | Allocations: 7257)


Started PATCH "/places/1" for ::1 at 2020-04-04 18:47:21 +0100
Processing by PlacesController#update as HTML
  Parameters: {"authenticity_token"=>"ifI5K6WzXM7h3jerSUXsWIG8Rd64Ac6GD/lShMRGURXrXDbfKzfGpaq6NA1YFkNnlLzDw5B0D9dfH2Fbh1XpVw==", "place"=>{"name"=>"Buckingham Palace", "latitude"=>"51.501564", "longitude"=>"-0.121945"}, "commit"=>"Update Place", "id"=>"1"}
  [1m[36mPlace Load (0.2ms)[0m  [1m[34mSELECT "places".* FROM "places" WHERE "places"."id" = ? LIMIT ?[0m  [["id", 1], ["LIMIT", 1]]
  ↳ app/controllers/places_controller.rb:67:in `set_place'
  [1m[35m (0.1ms)[0m  [1m[36mbegin transaction[0m
  ↳ app/controllers/places_controller.rb:44:in `block in update'
  [1m[36mPlace Update (3.4ms)[0m  [1m[33mUPDATE "places" SET "longitude" = ?, "updated_at" = ? WHERE "places"."id" = ?[0m  [["longitude", -0.121945], ["updated_at", "2020-04-04 17:47:21.552468"], ["id", 1]]
  ↳ app/controllers/places_controller.rb:44:in `block in update'
  [1m[35m (0.8ms)[0m  [1m[36mcommit transaction[0m
  ↳ app/controllers/places_controller.rb:44:in `block in update'
Redirected to http://localhost:3000/places/1
Completed 302 Found in 24ms (ActiveRecord: 4.6ms | Allocations: 3415)


Started GET "/places/1" for ::1 at 2020-04-04 18:47:21 +0100
Processing by PlacesController#show as HTML
  Parameters: {"id"=>"1"}
  [1m[36mPlace Load (0.2ms)[0m  [1m[34mSELECT "places".* FROM "places" WHERE "places"."id" = ? LIMIT ?[0m  [["id", 1], ["LIMIT", 1]]
  ↳ app/controllers/places_controller.rb:67:in `set_place'
  Rendering places/show.html.erb within layouts/application
  Rendered places/show.html.erb within layouts/application (Duration: 1.6ms | Allocations: 376)
[Webpacker] Everything's up-to-date. Nothing to do
Completed 200 OK in 16ms (Views: 12.8ms | ActiveRecord: 0.2ms | Allocations: 5581)


Started GET "/places/" for ::1 at 2020-04-04 18:47:34 +0100
Processing by PlacesController#index as HTML
  Rendering places/index.html.erb within layouts/application
  [1m[36mPlace Load (0.3ms)[0m  [1m[34mSELECT "places".* FROM "places"[0m
  ↳ app/views/places/index.html.erb:16
  Rendered places/index.html.erb within layouts/application (Duration: 4.5ms | Allocations: 1051)
[Webpacker] Everything's up-to-date. Nothing to do
Completed 200 OK in 19ms (Views: 17.6ms | ActiveRecord: 0.3ms | Allocations: 5599)


Started GET "/places/1" for ::1 at 2020-04-04 18:47:37 +0100
Processing by PlacesController#show as HTML
  Parameters: {"id"=>"1"}
  [1m[36mPlace Load (0.2ms)[0m  [1m[34mSELECT "places".* FROM "places" WHERE "places"."id" = ? LIMIT ?[0m  [["id", 1], ["LIMIT", 1]]
  ↳ app/controllers/places_controller.rb:67:in `set_place'
  Rendering places/show.html.erb within layouts/application
  Rendered places/show.html.erb within layouts/application (Duration: 0.8ms | Allocations: 115)
[Webpacker] Everything's up-to-date. Nothing to do
Completed 200 OK in 23ms (Views: 19.5ms | ActiveRecord: 0.2ms | Allocations: 5141)


Started GET "/places/1" for ::1 at 2020-04-04 18:47:37 +0100
Processing by PlacesController#show as HTML
  Parameters: {"id"=>"1"}
  [1m[36mPlace Load (0.2ms)[0m  [1m[34mSELECT "places".* FROM "places" WHERE "places"."id" = ? LIMIT ?[0m  [["id", 1], ["LIMIT", 1]]
  ↳ app/controllers/places_controller.rb:67:in `set_place'
  Rendering places/show.html.erb within layouts/application
  Rendered places/show.html.erb within layouts/application (Duration: 0.8ms | Allocations: 115)
[Webpacker] Everything's up-to-date. Nothing to do
Completed 200 OK in 15ms (Views: 13.2ms | ActiveRecord: 0.2ms | Allocations: 5126)


Started GET "/places/" for ::1 at 2020-04-04 18:47:39 +0100
Processing by PlacesController#index as HTML
  Rendering places/index.html.erb within layouts/application
  [1m[36mPlace Load (0.2ms)[0m  [1m[34mSELECT "places".* FROM "places"[0m
  ↳ app/views/places/index.html.erb:16
  Rendered places/index.html.erb within layouts/application (Duration: 4.9ms | Allocations: 1045)
[Webpacker] Everything's up-to-date. Nothing to do
Completed 200 OK in 21ms (Views: 19.6ms | ActiveRecord: 0.2ms | Allocations: 5569)


